hash table completed
36
341
488
668
763
941
1043
1312
1405
1408
1416
1427
1502
1614
1695
1731
1774
1893
1936
2490
2893
2970
3782
3791
3991
4189
4245
4720
5015
5330
5438
5539
5742
5799
6473
6569
6637
7172
7229
7232
7470
7950
8155
8446
8451
8480
8558
8577
8652
8677
8692
9145
9400
9931
10011
10136
10170
10213
10267
10313
10422
10446
10472
10746
10794
10924
11185
11187
11200
11201
11373
11456
11754
11906
11917
11982
12168
12199
12515
12926
12969
13215
13399
13475
13885
14072
14156
14190
14212
14513
14678
14679
14821
14999
15031
15251
15278
15349
15668
15962
16336
16633
16677
18133
18249
18680
18727
18825
19097
19277
19477
19550
20653
20991
21098
21323
21390
22190
23440
23841
23969
24005
24976
25052
25709
27574
27713
27973
29046
29406
30653
31100
31163
31261
31464
31515
31793
31795
31809
31878
32098
32145
32283
32430
32515
32550
pass fail hash table completed
