2006-08-14
1
68  articles
2
376  votes
30
2006-09-13
1
182  articles
2
958  votes
60
2006-10-13
1
905  articles
2
5759  votes
90
2006-11-12
1
3046  articles
2
20499  votes
120
2006-12-12
1
4952  articles
2
36679  votes
150
2007-01-11
1
4972  articles
2
39160  votes
180
2007-02-10
1
5095  articles
2
44108  votes
210
2007-03-12
1
5570  articles
2
54958  votes
240
2007-04-11
1
6199  articles
2
67889  votes
270
2007-05-11
1
7326  articles
2
89382  votes
300
2007-06-10
1
8137  articles
2
113717  votes
330
2007-07-10
1
8094  articles
2
123006  votes
360
2007-08-09
1
8393  articles
2
145126  votes
390
2007-09-08
1
9439  articles
2
184586  votes
420
2007-10-08
1
9569  articles
2
203516  votes
450
2007-11-07
1
8737  articles
2
194305  votes
480
2007-12-07
1
7943  articles
2
176600  votes
510
2008-01-06
1
9100  articles
2
201005  votes
540
2008-02-05
1
9744  articles
2
222663  votes
570
2008-03-06
1
10078  articles
2
223104  votes
600
2008-04-05
1
10192  articles
2
214455  votes
630
2008-05-05
1
9038  articles
2
195392  votes
660
2008-06-04
1
8740  articles
2
193965  votes
690
2008-07-04
1
8826  articles
2
204252  votes
720
2008-08-03
1
8960  articles
2
210163  votes
750
2008-09-02
1
9347  articles
2
222008  votes
780
2008-10-02
1
11346  articles
2
286497  votes
810
2008-11-01
1
12186  articles
2
314508  votes
840
2008-12-01
1
12081  articles
2
314566  votes
870
2008-12-31
1
8759  articles
2
222595  votes
900
2009-01-30
1
8803  articles
2
214812  votes
930
2009-03-01
1
13824  articles
2
319355  votes
960
2009-03-31
1
17039  articles
2
416179  votes
990
2009-04-30
1
30096  articles
2
852400  votes
1020
2009-05-30
1
38847  articles
2
1111642  votes
1050
2009-06-29
1
38530  articles
2
1021627  votes
1080
2009-07-29
1
37213  articles
2
951869  votes
1110
2009-08-28
1
29673  articles
2
786576  votes
1140
2009-09-27
1
24345  articles
2
706488  votes
1170
2009-10-27
1
23790  articles
2
769158  votes
1200
2009-11-26
1
25000  articles
2
838529  votes
1230
2009-12-26
1
25640  articles
2
910391  votes
1260
2010-01-25
1
21358  articles
2
809365  votes
1290
2010-02-24
1
16595  articles
2
654115  votes
1320
2010-03-26
1
18229  articles
2
715733  votes
1350
2010-04-25
1
23016  articles
2
877697  votes
1380
2010-05-25
1
20170  articles
2
742764  votes
1410
2010-06-24
1
16215  articles
2
578521  votes
1440
2010-07-24
1
17035  articles
2
638336  votes
1470
2010-08-23
1
16724  articles
2
612828  votes
1500
2010-09-22
1
16238  articles
2
558038  votes
1530
2010-10-22
1
8904  articles
2
304355  votes
1560
There were 65 eliminations with a minimum threshold of 10 votes.
30
There were 105 eliminations with a minimum threshold of 10 votes.
60
There were 328 eliminations with a minimum threshold of 10 votes.
90
There were 587 eliminations with a minimum threshold of 10 votes.
120
There were 922 eliminations with a minimum threshold of 10 votes.
150
There were 916 eliminations with a minimum threshold of 10 votes.
180
There were 780 eliminations with a minimum threshold of 10 votes.
210
There were 897 eliminations with a minimum threshold of 10 votes.
240
There were 1033 eliminations with a minimum threshold of 10 votes.
270
There were 1170 eliminations with a minimum threshold of 10 votes.
300
There were 1204 eliminations with a minimum threshold of 10 votes.
330
There were 1140 eliminations with a minimum threshold of 10 votes.
360
There were 1066 eliminations with a minimum threshold of 10 votes.
390
There were 909 eliminations with a minimum threshold of 10 votes.
420
There were 795 eliminations with a minimum threshold of 10 votes.
450
There were 752 eliminations with a minimum threshold of 10 votes.
480
There were 759 eliminations with a minimum threshold of 10 votes.
510
There were 1119 eliminations with a minimum threshold of 10 votes.
540
There were 1241 eliminations with a minimum threshold of 10 votes.
570
There were 1457 eliminations with a minimum threshold of 10 votes.
600
There were 1684 eliminations with a minimum threshold of 10 votes.
630
There were 1749 eliminations with a minimum threshold of 10 votes.
660
There were 1732 eliminations with a minimum threshold of 10 votes.
690
There were 1656 eliminations with a minimum threshold of 10 votes.
720
There were 1614 eliminations with a minimum threshold of 10 votes.
750
There were 1621 eliminations with a minimum threshold of 10 votes.
780
There were 1783 eliminations with a minimum threshold of 10 votes.
810
There were 1935 eliminations with a minimum threshold of 10 votes.
840
There were 1905 eliminations with a minimum threshold of 10 votes.
870
There were 1793 eliminations with a minimum threshold of 10 votes.
900
There were 1974 eliminations with a minimum threshold of 10 votes.
930
There were 2051 eliminations with a minimum threshold of 10 votes.
960
There were 2048 eliminations with a minimum threshold of 10 votes.
990
There were 2757 eliminations with a minimum threshold of 10 votes.
1020
There were 2644 eliminations with a minimum threshold of 10 votes.
1050
There were 2525 eliminations with a minimum threshold of 10 votes.
1080
There were 2078 eliminations with a minimum threshold of 10 votes.
1110
There were 1930 eliminations with a minimum threshold of 10 votes.
1140
There were 1845 eliminations with a minimum threshold of 10 votes.
1170
There were 1703 eliminations with a minimum threshold of 10 votes.
1200
There were 1659 eliminations with a minimum threshold of 10 votes.
1230
There were 1622 eliminations with a minimum threshold of 10 votes.
1260
There were 1449 eliminations with a minimum threshold of 10 votes.
1290
There were 1480 eliminations with a minimum threshold of 10 votes.
1320
